<?xml version="1.0" encoding="utf-8" standalone="no"?>
<!--This file represents the results of running a test suite-->
<test-results name="C:\Users\hewner\Dropbox\Win-Documents\CSSE376-Quality Assurance\Labs\LabCodeCoverage\Lab3-UnitTesting-Code\Project1.nunit" total="8" errors="0" failures="0" not-run="0" inconclusive="0" ignored="0" skipped="0" invalid="0" date="2013-01-31" time="15:08:36">
  <environment nunit-version="2.6.2.12296" clr-version="2.0.50727.5466" os-version="Microsoft Windows NT 6.1.7601 Service Pack 1" platform="Win32NT" cwd="C:\Program Files (x86)\NUnit 2.6.2\bin" machine-name="HEWNER-W530" user="hewner" user-domain="ROSE-HULMAN" />
  <culture-info current-culture="en-US" current-uiculture="en-US" />
  <test-suite type="Project" name="C:\Users\hewner\Dropbox\Win-Documents\CSSE376-Quality Assurance\Labs\LabCodeCoverage\Lab3-UnitTesting-Code\Project1.nunit" executed="True" result="Success" success="True" time="0.125" asserts="0">
    <results>
      <test-suite type="Assembly" name="C:\Users\hewner\Dropbox\Win-Documents\CSSE376-Quality Assurance\Labs\LabCodeCoverage\Lab3-UnitTesting-Code\ExpediaTest\bin\Debug\ExpediaTest.dll" executed="True" result="Success" success="True" time="0.112" asserts="0">
        <results>
          <test-suite type="Namespace" name="ExpediaTest" executed="True" result="Success" success="True" time="0.112" asserts="0">
            <results>
              <test-suite type="TestFixture" name="BookingTest" executed="True" result="Inconclusive" success="False" time="0.009" asserts="0" />
              <test-suite type="TestFixture" name="CarTest" executed="True" result="Inconclusive" success="False" time="0.001" asserts="0" />
              <test-suite type="TestFixture" name="FlightTest" executed="True" result="Inconclusive" success="False" time="0.000" asserts="0" />
              <test-suite type="TestFixture" name="HotelTest" executed="True" result="Inconclusive" success="False" time="0.001" asserts="0" />
              <test-suite type="TestFixture" name="UserTest" executed="True" result="Success" success="True" time="0.086" asserts="0">
                <results>
                  <test-case name="ExpediaTest.UserTest.TestThatUserCanBookAFlight" executed="True" result="Success" success="True" time="0.045" asserts="1" />
                  <test-case name="ExpediaTest.UserTest.TestThatUserCanBookAHotelAndACar" executed="True" result="Success" success="True" time="0.001" asserts="1" />
                  <test-case name="ExpediaTest.UserTest.TestThatUserCanBookEverything" executed="True" result="Success" success="True" time="0.001" asserts="1" />
                  <test-case name="ExpediaTest.UserTest.TestThatUserHasCorrectNumberOfFrequentFlyerMilesAfterOneFlight" executed="True" result="Success" success="True" time="0.002" asserts="1" />
                  <test-case name="ExpediaTest.UserTest.TestThatUserHasFrequentFlierMilesAfterBooking" executed="True" result="Success" success="True" time="0.005" asserts="2" />
                  <test-case name="ExpediaTest.UserTest.TestThatUserHasZeroFrequentFlierMilesOnInit" executed="True" result="Success" success="True" time="0.000" asserts="1" />
                  <test-case name="ExpediaTest.UserTest.TestThatUserInitializes" executed="True" result="Success" success="True" time="0.001" asserts="1" />
                  <test-case name="ExpediaTest.UserTest.TestThing" executed="True" result="Success" success="True" time="0.000" asserts="1" />
                </results>
              </test-suite>
            </results>
          </test-suite>
        </results>
      </test-suite>
    </results>
  </test-suite>
</test-results>